[083月2025 09:27:21.939] [main/INFO] [cpw.mods.modlauncher.Launcher/MODLAUNCHER]: ModLauncher running: args [--launchTarget, forgeclientuserdev, --version, 21.0.160, --assetIndex, asset-index, --assetsDir, F:\\.gradle\\caches\\minecraft\\assets, --gameDir, ., --fml.neoForgeVersion, 21.0.160, --fml.fmlVersion, 4.0.23, --fml.mcVersion, 1.21, --fml.neoFormVersion, 20240613.152323]
[083月2025 09:27:21.943] [main/INFO] [cpw.mods.modlauncher.Launcher/MODLAUNCHER]: JVM identified as Oracle Corporation OpenJDK 64-Bit Server VM 21.0.2+13-58
[083月2025 09:27:21.948] [main/INFO] [cpw.mods.modlauncher.Launcher/MODLAUNCHER]: ModLauncher 11.0.4+main.d2e20e43 starting: java version 21.0.2 by Oracle Corporation; OS Windows 10 arch amd64 version 10.0
[083月2025 09:27:26.715] [main/INFO] [net.neoforged.fml.loading.ImmediateWindowHandler/]: Loading ImmediateWindowProvider fmlearlywindow
[083月2025 09:27:26.922] [main/INFO] [EARLYDISPLAY/]: Trying GL version 4.6
[083月2025 09:27:26.998] [main/INFO] [EARLYDISPLAY/]: Requested GL version 4.6 got version 4.6
[083月2025 09:27:27.198] [main/INFO] [mixin/]: SpongePowered MIXIN Subsystem Version=0.8.6 Source=union:/F:/.gradle/caches/modules-2/files-2.1/net.fabricmc/sponge-mixin/0.14.0+mixin.0.8.6/c265173c84346e9e5d42a2384b2b02bd39a4a899/sponge-mixin-0.14.0+mixin.0.8.6.jar%23136!/ Service=ModLauncher Env=CLIENT
[083月2025 09:27:27.455] [main/INFO] [net.neoforged.fml.loading.moddiscovery.ModDiscoverer/SCAN]: Found mod file "neoforge-21.0.160.jar" [locator: neoforge devenv provider ([D:\MinecraftNeoForgeMod\FeaturesManager\.gradle\repositories\ng_dummy_ng\net\neoforged\neoforge\21.0.160\neoforge-21.0.160.jar])]
[083月2025 09:27:27.482] [pool-2-thread-1/INFO] [EARLYDISPLAY/]: GL info: Intel(R) HD Graphics 630 GL version 4.6.0 - Build 31.0.101.2121, Intel
[083月2025 09:27:27.492] [main/INFO] [net.neoforged.fml.loading.moddiscovery.ModDiscoverer/SCAN]: Found mod file "neoforge-21.0.160.jar" [locator: neoforge devenv provider ([D:\MinecraftNeoForgeMod\FeaturesManager\.gradle\repositories\ng_dummy_ng\net\neoforged\neoforge\21.0.160\neoforge-21.0.160.jar])]
[083月2025 09:27:27.517] [main/INFO] [net.neoforged.fml.loading.moddiscovery.ModDiscoverer/SCAN]: Found mod file "main" [locator: userdev mods and services, reader: mod manifest]
[083月2025 09:27:27.531] [main/INFO] [net.neoforged.fml.loading.moddiscovery.ModDiscoverer/SCAN]: Found mod file "ca-neoforge-1.21-1.1.3.jar" [locator: userdev mods and services, reader: mod manifest]
[083月2025 09:27:27.537] [main/INFO] [net.neoforged.fml.loading.moddiscovery.ModDiscoverer/SCAN]: Found mod file "rl-neoforge-1.21-1.1.jar" [locator: userdev mods and services, reader: mod manifest]
[083月2025 09:27:27.544] [main/INFO] [net.neoforged.fml.loading.moddiscovery.ModDiscoverer/SCAN]: Found mod file "el-2.1.jar" [locator: userdev mods and services, reader: mod manifest]
[083月2025 09:27:27.568] [main/INFO] [net.neoforged.fml.loading.moddiscovery.ModDiscoverer/SCAN]: Found mod file "neoforge-21.0.160.jar" [locator: userdev mods and services, reader: mod manifest]
[083月2025 09:27:27.668] [main/INFO] [net.neoforged.fml.loading.moddiscovery.ModDiscoverer/SCAN]: Found gamelibrary file "mixinextras-neoforge-0.3.5.jar" [locator: userdev mods and services, reader: mod manifest]
[083月2025 09:27:27.856] [main/WARN] [net.neoforged.jarjar.selection.JarSelector/]: Attempted to select a dependency jar for JarJar which was passed in as source: mixinextras-neoforge-0.3.5.jar. Using Mod File: F:\.gradle\caches\modules-2\files-2.1\io.github.llamalad7\mixinextras-neoforge\0.3.5\ef3ffcf309dae656517b2f120189b1c9b21737dd\mixinextras-neoforge-0.3.5.jar
[083月2025 09:27:27.857] [main/INFO] [net.neoforged.fml.loading.moddiscovery.locators.JarInJarDependencyLocator/]: No dependencies to load found. Skipping!
[083月2025 09:27:28.163] [main/INFO] [net.neoforged.fml.loading.FMLServiceProvider/CORE]: Loading coremod script-engine for [neoforge]
[083月2025 09:27:29.325] [main/INFO] [mixin/]: Compatibility level set to JAVA_18
[083月2025 09:27:29.330] [main/INFO] [mixin/]: Compatibility level set to JAVA_21
[083月2025 09:27:29.348] [main/INFO] [cpw.mods.modlauncher.LaunchServiceHandler/MODLAUNCHER]: Launching target 'forgeclientuserdev' with arguments [--version, 21.0.160, --gameDir, ., --assetsDir, F:\.gradle\caches\minecraft\assets, --assetIndex, asset-index]
[083月2025 09:27:29.421] [main/WARN] [mixin/]: Reference map 'EventLib.refmap.json' for el.mixins.json could not be read. If this is a development environment you can ignore this message
[083月2025 09:27:29.422] [main/WARN] [mixin/]: Reference map 'FeaturesManager.refmap.json' for fm.mixins.json could not be read. If this is a development environment you can ignore this message
[083月2025 09:27:29.423] [main/WARN] [mixin/]: Reference map 'rl.refmap.json' for rl.mixins.json could not be read. If this is a development environment you can ignore this message
[083月2025 09:27:29.426] [main/WARN] [mixin/]: Reference map 'ca.refmap.json' for ca.mixins.json could not be read. If this is a development environment you can ignore this message
[083月2025 09:27:29.914] [main/INFO] [MixinExtras|Service/]: Initializing MixinExtras via com.llamalad7.mixinextras.service.MixinExtrasServiceImpl(version=0.3.5).
[083月2025 09:27:32.192] [Datafixer Bootstrap/INFO] [com.mojang.datafixers.DataFixerBuilder/]: 229 Datafixer optimizations took 684 milliseconds
[083月2025 09:27:39.912] [main/WARN] [net.minecraft.commands.Commands/]: Ambiguity between arguments [teleport, location] and [teleport, destination] with inputs: [0.1 -0.5 .9, 0 0 0]
[083月2025 09:27:39.915] [main/WARN] [net.minecraft.commands.Commands/]: Ambiguity between arguments [teleport, location] and [teleport, targets] with inputs: [0.1 -0.5 .9, 0 0 0]
[083月2025 09:27:39.919] [main/WARN] [net.minecraft.commands.Commands/]: Ambiguity between arguments [teleport, destination] and [teleport, targets] with inputs: [Player, 0123, @e, dd12be42-52a9-4a91-a8a1-11c01849e498]
[083月2025 09:27:39.921] [main/WARN] [net.minecraft.commands.Commands/]: Ambiguity between arguments [teleport, targets] and [teleport, destination] with inputs: [Player, 0123, dd12be42-52a9-4a91-a8a1-11c01849e498]
[083月2025 09:27:39.923] [main/WARN] [net.minecraft.commands.Commands/]: Ambiguity between arguments [teleport, targets, location] and [teleport, targets, destination] with inputs: [0.1 -0.5 .9, 0 0 0]
[083月2025 09:27:40.196] [Render thread/WARN] [net.minecraft.server.packs.VanillaPackResourcesBuilder/]: Assets URL 'union:/D:/MinecraftNeoForgeMod/FeaturesManager/.gradle/repositories/ng_dummy_ng/net/neoforged/neoforge/21.0.160/neoforge-21.0.160.jar%23189!/assets/.mcassetsroot' uses unexpected schema
[083月2025 09:27:40.196] [Render thread/WARN] [net.minecraft.server.packs.VanillaPackResourcesBuilder/]: Assets URL 'union:/D:/MinecraftNeoForgeMod/FeaturesManager/.gradle/repositories/ng_dummy_ng/net/neoforged/neoforge/21.0.160/neoforge-21.0.160.jar%23189!/data/.mcassetsroot' uses unexpected schema
[083月2025 09:27:40.238] [Render thread/INFO] [com.mojang.authlib.yggdrasil.YggdrasilAuthenticationService/]: Environment: Environment[sessionHost=https://sessionserver.mojang.com, servicesHost=https://api.minecraftservices.com, name=PROD]
[083月2025 09:27:40.254] [Render thread/INFO] [net.minecraft.client.Minecraft/]: Setting user: Dev
[083月2025 09:27:40.460] [Render thread/INFO] [net.minecraft.client.Minecraft/]: Backend library: LWJGL version 3.3.3+5
[083月2025 09:27:40.841] [modloading-worker-0/INFO] [RenderLib/]: Hello NeoForge world!
[083月2025 09:27:40.843] [modloading-worker-0/INFO] [ConfigAPI/]: Hello NeoForge world!
[083月2025 09:27:40.848] [modloading-worker-0/INFO] [RenderLib/]: Hello to rl
[083月2025 09:27:40.849] [modloading-worker-0/INFO] [ConfigAPI/]: Hello to ca
[083月2025 09:27:40.873] [modloading-worker-0/INFO] [net.neoforged.neoforge.common.NeoForgeMod/NEOFORGE-MOD]: NeoForge mod loading, version 21.0.160, for MC 1.21
[083月2025 09:27:40.920] [modloading-worker-0/INFO] [cn.ksmcbrigade.fm.FeaturesManager/]: Set a feature at MOVEMENT category to true.
[083月2025 09:27:40.921] [modloading-worker-0/INFO] [cn.ksmcbrigade.fm.FeaturesManager/]: Set a feature at COMBAT category to false.
[083月2025 09:27:40.922] [modloading-worker-0/INFO] [cn.ksmcbrigade.fm.FeaturesManager/]: Set a feature at COMBAT category to false.
[083月2025 09:27:40.924] [modloading-worker-0/INFO] [cn.ksmcbrigade.fm.FeaturesManager/]: FeaturesManager mod loaded.
[083月2025 09:27:42.532] [Render thread/INFO] [net.neoforged.neoforge.gametest.GameTestHooks/]: Enabled Gametest Namespaces: []
[083月2025 09:27:42.851] [Render thread/INFO] [net.minecraft.server.packs.resources.ReloadableResourceManager/]: Reloading ResourceManager: vanilla, mod_resources, mod/el, mod/fm, mod/rl, mod/neoforge, mod/ca
[083月2025 09:27:43.175] [Worker-Main-4/INFO] [net.minecraft.client.gui.font.providers.UnihexProvider/]: Found unifont_all_no_pua-15.1.05.hex, loading
[083月2025 09:27:43.605] [Worker-Main-1/INFO] [net.minecraft.client.gui.font.providers.UnihexProvider/]: Found unifont_jp_patch-15.1.05.hex, loading
[083月2025 09:27:45.733] [Render thread/WARN] [net.minecraft.client.sounds.SoundEngine/]: Missing sound for event: minecraft:item.goat_horn.play
[083月2025 09:27:45.734] [Render thread/WARN] [net.minecraft.client.sounds.SoundEngine/]: Missing sound for event: minecraft:entity.goat.screaming.horn_break
[083月2025 09:27:45.833] [Render thread/INFO] [com.mojang.blaze3d.audio.Library/]: OpenAL initialized on device OpenAL Soft on 扬声器 (Realtek High Definition Audio)
[083月2025 09:27:45.834] [Render thread/INFO] [net.minecraft.client.sounds.SoundEngine/SOUNDS]: Sound engine started
[083月2025 09:27:46.025] [Render thread/INFO] [net.minecraft.client.renderer.texture.TextureAtlas/]: Created: 1024x512x2 minecraft:textures/atlas/blocks.png-atlas
[083月2025 09:27:46.137] [Render thread/INFO] [net.minecraft.client.renderer.texture.TextureAtlas/]: Created: 256x256x2 minecraft:textures/atlas/signs.png-atlas
[083月2025 09:27:46.139] [Render thread/INFO] [net.minecraft.client.renderer.texture.TextureAtlas/]: Created: 512x512x2 minecraft:textures/atlas/banner_patterns.png-atlas
[083月2025 09:27:46.143] [Render thread/INFO] [net.minecraft.client.renderer.texture.TextureAtlas/]: Created: 512x512x2 minecraft:textures/atlas/shield_patterns.png-atlas
[083月2025 09:27:46.151] [Render thread/INFO] [net.minecraft.client.renderer.texture.TextureAtlas/]: Created: 1024x1024x2 minecraft:textures/atlas/armor_trims.png-atlas
[083月2025 09:27:46.190] [Render thread/INFO] [net.minecraft.client.renderer.texture.TextureAtlas/]: Created: 256x256x2 minecraft:textures/atlas/chest.png-atlas
[083月2025 09:27:46.192] [Render thread/INFO] [net.minecraft.client.renderer.texture.TextureAtlas/]: Created: 128x64x2 minecraft:textures/atlas/decorated_pot.png-atlas
[083月2025 09:27:46.194] [Render thread/INFO] [net.minecraft.client.renderer.texture.TextureAtlas/]: Created: 512x256x2 minecraft:textures/atlas/beds.png-atlas
[083月2025 09:27:46.198] [Render thread/INFO] [net.minecraft.client.renderer.texture.TextureAtlas/]: Created: 512x256x2 minecraft:textures/atlas/shulker_boxes.png-atlas
[083月2025 09:27:46.550] [Render thread/INFO] [net.minecraft.client.renderer.texture.TextureAtlas/]: Created: 512x256x0 minecraft:textures/atlas/particles.png-atlas
[083月2025 09:27:46.566] [Render thread/INFO] [net.minecraft.client.renderer.texture.TextureAtlas/]: Created: 512x256x0 minecraft:textures/atlas/paintings.png-atlas
[083月2025 09:27:46.570] [Render thread/INFO] [net.minecraft.client.renderer.texture.TextureAtlas/]: Created: 256x128x0 minecraft:textures/atlas/mob_effects.png-atlas
[083月2025 09:27:46.573] [Render thread/INFO] [net.minecraft.client.renderer.texture.TextureAtlas/]: Created: 64x64x0 minecraft:textures/atlas/map_decorations.png-atlas
[083月2025 09:27:46.576] [Render thread/INFO] [net.minecraft.client.renderer.texture.TextureAtlas/]: Created: 1024x512x0 minecraft:textures/atlas/gui.png-atlas
[083月2025 09:27:47.036] [Render thread/WARN] [net.minecraft.client.renderer.ShaderInstance/]: Shader rendertype_entity_translucent_emissive could not find sampler named Sampler2 in the specified shader program.
[083月2025 09:28:00.551] [Render thread/INFO] [net.minecraft.world.item.crafting.RecipeManager/]: Loaded 1290 recipes
[083月2025 09:28:00.866] [Render thread/INFO] [net.minecraft.advancements.AdvancementTree/]: Loaded 1399 advancements
[083月2025 09:28:01.821] [Server thread/INFO] [net.minecraft.client.server.IntegratedServer/]: Starting integrated minecraft server version 1.21
[083月2025 09:28:01.822] [Server thread/INFO] [net.minecraft.server.MinecraftServer/]: Generating keypair
[083月2025 09:28:04.109] [Server thread/INFO] [net.minecraft.server.MinecraftServer/]: Preparing start region for dimension minecraft:overworld
[083月2025 09:28:04.787] [progressListener/INFO] [net.minecraft.server.level.progress.LoggerChunkProgressListener/]: Preparing spawn area: 0%
[083月2025 09:28:04.787] [progressListener/INFO] [net.minecraft.server.level.progress.LoggerChunkProgressListener/]: Preparing spawn area: 0%
[083月2025 09:28:05.122] [progressListener/INFO] [net.minecraft.server.level.progress.LoggerChunkProgressListener/]: Time elapsed: 996 ms
[083月2025 09:28:05.122] [Server thread/INFO] [net.neoforged.neoforge.server.permission.PermissionAPI/]: Successfully initialized permission handler neoforge:default_handler
[083月2025 09:28:05.124] [Server thread/WARN] [net.neoforged.neoforge.common.TagConventionLogWarning/]: 
   Dev warning - Legacy Tags detected. Please migrate your 'forge' namespace tags to the 'c' namespace! See net.neoforged.neoforge.common.Tags.java for all tags.
   NOTE: Many tags have been moved around or renamed. Some new ones were added so please review the new tags.
    And make sure you follow tag conventions for new tags! The convention is `c` with nouns generally being plural and adjectives being singular.
   You can disable this message in NeoForge's common config by setting `logLegacyTagWarnings` to "SILENCED" or see individual tags with "DEV_VERBOSE".

[083月2025 09:28:05.250] [Server thread/INFO] [net.minecraft.client.server.IntegratedServer/]: Changing view distance to 12, from 10
[083月2025 09:28:05.250] [Server thread/INFO] [net.minecraft.client.server.IntegratedServer/]: Changing simulation distance to 12, from 0
[083月2025 09:28:06.466] [Server thread/INFO] [net.minecraft.server.players.PlayerList/]: Dev[local:E:d606a952] logged in with entity id 3 at (306.3162209960993, 68.70838120755727, 211.0605705326632)
[083月2025 09:28:06.540] [Server thread/INFO] [net.minecraft.server.MinecraftServer/]: Dev joined the game
[083月2025 09:28:07.980] [Render thread/INFO] [net.minecraft.advancements.AdvancementTree/]: Loaded 27 advancements
[083月2025 09:28:08.519] [Server thread/INFO] [net.minecraft.client.server.IntegratedServer/]: Saving and pausing game...
[083月2025 09:28:08.568] [Server thread/INFO] [net.minecraft.server.MinecraftServer/]: Saving chunks for level 'ServerLevel[New World]'/minecraft:overworld
[083月2025 09:28:08.697] [Server thread/INFO] [net.minecraft.server.MinecraftServer/]: Saving chunks for level 'ServerLevel[New World]'/minecraft:the_nether
[083月2025 09:28:08.949] [Server thread/INFO] [net.minecraft.server.MinecraftServer/]: Saving chunks for level 'ServerLevel[New World]'/minecraft:the_end
[083月2025 09:28:25.179] [Server thread/INFO] [net.minecraft.client.server.IntegratedServer/]: Saving and pausing game...
[083月2025 09:28:25.381] [Server thread/INFO] [net.minecraft.server.MinecraftServer/]: Saving chunks for level 'ServerLevel[New World]'/minecraft:overworld
[083月2025 09:28:26.742] [Server thread/INFO] [net.minecraft.server.MinecraftServer/]: Saving chunks for level 'ServerLevel[New World]'/minecraft:the_nether
[083月2025 09:28:27.200] [Server thread/INFO] [net.minecraft.server.MinecraftServer/]: Saving chunks for level 'ServerLevel[New World]'/minecraft:the_end
[083月2025 09:28:27.500] [Server thread/WARN] [net.minecraft.server.MinecraftServer/]: Can't keep up! Is the server overloaded? Running 3325ms or 66 ticks behind
[083月2025 09:31:14.825] [Server thread/INFO] [net.minecraft.client.server.IntegratedServer/]: Saving and pausing game...
[083月2025 09:31:14.866] [Server thread/INFO] [net.minecraft.server.MinecraftServer/]: Saving chunks for level 'ServerLevel[New World]'/minecraft:overworld
[083月2025 09:31:15.006] [Server thread/INFO] [net.minecraft.server.MinecraftServer/]: Saving chunks for level 'ServerLevel[New World]'/minecraft:the_nether
[083月2025 09:31:15.245] [Server thread/INFO] [net.minecraft.server.MinecraftServer/]: Saving chunks for level 'ServerLevel[New World]'/minecraft:the_end
[083月2025 09:31:30.075] [Server thread/INFO] [net.minecraft.client.server.IntegratedServer/]: Saving and pausing game...
[083月2025 09:31:30.110] [Server thread/INFO] [net.minecraft.server.MinecraftServer/]: Saving chunks for level 'ServerLevel[New World]'/minecraft:overworld
[083月2025 09:31:30.294] [Server thread/INFO] [net.minecraft.server.MinecraftServer/]: Saving chunks for level 'ServerLevel[New World]'/minecraft:the_nether
[083月2025 09:31:30.588] [Server thread/INFO] [net.minecraft.server.MinecraftServer/]: Saving chunks for level 'ServerLevel[New World]'/minecraft:the_end
[083月2025 09:31:48.825] [Server thread/INFO] [net.minecraft.client.server.IntegratedServer/]: Saving and pausing game...
[083月2025 09:31:48.849] [Server thread/INFO] [net.minecraft.server.MinecraftServer/]: Saving chunks for level 'ServerLevel[New World]'/minecraft:overworld
[083月2025 09:31:49.040] [Server thread/INFO] [net.minecraft.server.MinecraftServer/]: Saving chunks for level 'ServerLevel[New World]'/minecraft:the_nether
[083月2025 09:31:49.281] [Server thread/INFO] [net.minecraft.server.MinecraftServer/]: Saving chunks for level 'ServerLevel[New World]'/minecraft:the_end
[083月2025 09:32:20.976] [Server thread/INFO] [net.minecraft.client.server.IntegratedServer/]: Saving and pausing game...
[083月2025 09:32:21.013] [Server thread/INFO] [net.minecraft.server.MinecraftServer/]: Saving chunks for level 'ServerLevel[New World]'/minecraft:overworld
[083月2025 09:32:21.105] [Server thread/INFO] [net.minecraft.server.MinecraftServer/]: Saving chunks for level 'ServerLevel[New World]'/minecraft:the_nether
[083月2025 09:32:21.346] [Server thread/INFO] [net.minecraft.server.MinecraftServer/]: Saving chunks for level 'ServerLevel[New World]'/minecraft:the_end
[083月2025 09:32:24.075] [Server thread/INFO] [net.minecraft.client.server.IntegratedServer/]: Saving and pausing game...
[083月2025 09:32:27.115] [Server thread/INFO] [net.minecraft.server.MinecraftServer/]: Saving chunks for level 'ServerLevel[New World]'/minecraft:overworld
[083月2025 09:32:27.222] [Server thread/INFO] [net.minecraft.server.MinecraftServer/]: Saving chunks for level 'ServerLevel[New World]'/minecraft:the_nether
[083月2025 09:32:27.475] [Server thread/INFO] [net.minecraft.server.MinecraftServer/]: Saving chunks for level 'ServerLevel[New World]'/minecraft:the_end
[083月2025 09:32:27.784] [Server thread/WARN] [net.minecraft.server.MinecraftServer/]: Can't keep up! Is the server overloaded? Running 3659ms or 73 ticks behind
[083月2025 09:32:43.425] [Server thread/INFO] [net.minecraft.client.server.IntegratedServer/]: Saving and pausing game...
[083月2025 09:32:47.454] [Server thread/INFO] [net.minecraft.server.MinecraftServer/]: Saving chunks for level 'ServerLevel[New World]'/minecraft:overworld
[083月2025 09:32:47.538] [Server thread/INFO] [net.minecraft.server.MinecraftServer/]: Saving chunks for level 'ServerLevel[New World]'/minecraft:the_nether
[083月2025 09:32:47.808] [Server thread/INFO] [net.minecraft.server.MinecraftServer/]: Saving chunks for level 'ServerLevel[New World]'/minecraft:the_end
[083月2025 09:32:48.152] [Server thread/WARN] [net.minecraft.server.MinecraftServer/]: Can't keep up! Is the server overloaded? Running 4677ms or 93 ticks behind
[083月2025 09:33:52.326] [Server thread/INFO] [net.minecraft.client.server.IntegratedServer/]: Saving and pausing game...
[083月2025 09:33:52.365] [Server thread/INFO] [net.minecraft.server.MinecraftServer/]: Saving chunks for level 'ServerLevel[New World]'/minecraft:overworld
[083月2025 09:33:52.476] [Server thread/INFO] [net.minecraft.server.MinecraftServer/]: Saving chunks for level 'ServerLevel[New World]'/minecraft:the_nether
[083月2025 09:33:52.715] [Server thread/INFO] [net.minecraft.server.MinecraftServer/]: Saving chunks for level 'ServerLevel[New World]'/minecraft:the_end
[083月2025 09:33:53.051] [Server thread/INFO] [net.minecraft.server.network.ServerGamePacketListenerImpl/]: Dev lost connection: Disconnected
[083月2025 09:33:53.052] [Server thread/INFO] [net.minecraft.server.MinecraftServer/]: Dev left the game
[083月2025 09:33:53.478] [Server thread/INFO] [net.minecraft.server.network.ServerCommonPacketListenerImpl/]: Stopping singleplayer server as player logged out
[083月2025 09:33:53.500] [Server thread/INFO] [net.minecraft.server.MinecraftServer/]: Stopping server
[083月2025 09:33:53.501] [Server thread/INFO] [net.minecraft.server.MinecraftServer/]: Saving players
[083月2025 09:33:53.501] [Server thread/INFO] [net.minecraft.server.MinecraftServer/]: Saving worlds
[083月2025 09:33:55.120] [Server thread/INFO] [net.minecraft.server.MinecraftServer/]: Saving chunks for level 'ServerLevel[New World]'/minecraft:overworld
[083月2025 09:33:57.104] [Server thread/INFO] [net.minecraft.server.MinecraftServer/]: Saving chunks for level 'ServerLevel[New World]'/minecraft:the_nether
[083月2025 09:33:57.133] [Server thread/INFO] [net.minecraft.server.MinecraftServer/]: Saving chunks for level 'ServerLevel[New World]'/minecraft:the_end
[083月2025 09:33:57.209] [Server thread/INFO] [net.minecraft.server.MinecraftServer/]: ThreadedAnvilChunkStorage (New World): All chunks are saved
[083月2025 09:33:57.210] [Server thread/INFO] [net.minecraft.server.MinecraftServer/]: ThreadedAnvilChunkStorage (DIM-1): All chunks are saved
[083月2025 09:33:57.210] [Server thread/INFO] [net.minecraft.server.MinecraftServer/]: ThreadedAnvilChunkStorage (DIM1): All chunks are saved
[083月2025 09:33:57.210] [Server thread/INFO] [net.minecraft.server.MinecraftServer/]: ThreadedAnvilChunkStorage: All dimensions are saved
[083月2025 09:34:08.809] [Render thread/INFO] [net.minecraft.client.Minecraft/]: Stopping!
